<?xml version="1.0" encoding="UTF-8" ?>
<testsuite tests="6" failures="0" name="MainVerticleTest" time="1.99" errors="0" skipped="0">
  <properties>
[...]
</properties>
  <testcase classname="MainVerticleTest" name="getAllUsers" time="1.931"/>
  <testcase classname="MainVerticleTest" name="putUser" time="0.01"/>
  <testcase classname="MainVerticleTest" name="getUser" time="0.011"/>
  <testcase classname="MainVerticleTest" name="root" time="0.01"/>
  <testcase classname="MainVerticleTest" name="postUser" time="0.014"/>
  <testcase classname="MainVerticleTest" name="deleteUser" time="0.014"/>
</testsuite>